0 info it worked if it ends with ok
1 verbose cli [ 'C:\\Program Files\\nodejs\\node.exe',
1 verbose cli   'C:\\Program Files\\nodejs\\node_modules\\npm\\bin\\npm-cli.js',
1 verbose cli   'install',
1 verbose cli   'karma-chrome',
1 verbose cli   'karma-mocha',
1 verbose cli   'karma-chai',
1 verbose cli   '--save-dev' ]
2 info using npm@2.14.20
3 info using node@v4.4.1
4 verbose install initial load of C:\Users\isui.rodriguez\Documents\Proyectos\consubanco_front\SPA\package.json
5 warn package.json spa@0.0.0 No description
6 warn package.json spa@0.0.0 No repository field.
7 warn package.json spa@0.0.0 No README data
8 warn package.json spa@0.0.0 No license field.
9 verbose installManyTop reading scoped package data from C:\Users\isui.rodriguez\Documents\Proyectos\consubanco_front\SPA\node_modules\chai\package.json
10 verbose installManyTop reading scoped package data from C:\Users\isui.rodriguez\Documents\Proyectos\consubanco_front\SPA\node_modules\chai-as-promised\package.json
11 verbose installManyTop reading scoped package data from C:\Users\isui.rodriguez\Documents\Proyectos\consubanco_front\SPA\node_modules\eventemitter3\package.json
12 verbose installManyTop reading scoped package data from C:\Users\isui.rodriguez\Documents\Proyectos\consubanco_front\SPA\node_modules\grunt\package.json
13 verbose installManyTop reading scoped package data from C:\Users\isui.rodriguez\Documents\Proyectos\consubanco_front\SPA\node_modules\grunt-autoprefixer\package.json
14 verbose installManyTop reading scoped package data from C:\Users\isui.rodriguez\Documents\Proyectos\consubanco_front\SPA\node_modules\grunt-bower-install\package.json
15 verbose installManyTop reading scoped package data from C:\Users\isui.rodriguez\Documents\Proyectos\consubanco_front\SPA\node_modules\grunt-concurrent\package.json
16 verbose installManyTop reading scoped package data from C:\Users\isui.rodriguez\Documents\Proyectos\consubanco_front\SPA\node_modules\grunt-connect-proxy\package.json
17 verbose installManyTop reading scoped package data from C:\Users\isui.rodriguez\Documents\Proyectos\consubanco_front\SPA\node_modules\grunt-contrib-clean\package.json
18 verbose installManyTop reading scoped package data from C:\Users\isui.rodriguez\Documents\Proyectos\consubanco_front\SPA\node_modules\grunt-contrib-coffee\package.json
19 verbose installManyTop reading scoped package data from C:\Users\isui.rodriguez\Documents\Proyectos\consubanco_front\SPA\node_modules\grunt-contrib-compass\package.json
20 verbose installManyTop reading scoped package data from C:\Users\isui.rodriguez\Documents\Proyectos\consubanco_front\SPA\node_modules\grunt-contrib-concat\package.json
21 verbose installManyTop reading scoped package data from C:\Users\isui.rodriguez\Documents\Proyectos\consubanco_front\SPA\node_modules\grunt-contrib-connect\package.json
22 verbose installManyTop reading scoped package data from C:\Users\isui.rodriguez\Documents\Proyectos\consubanco_front\SPA\node_modules\grunt-contrib-copy\package.json
23 verbose installManyTop reading scoped package data from C:\Users\isui.rodriguez\Documents\Proyectos\consubanco_front\SPA\node_modules\grunt-contrib-cssmin\package.json
24 verbose installManyTop reading scoped package data from C:\Users\isui.rodriguez\Documents\Proyectos\consubanco_front\SPA\node_modules\grunt-contrib-htmlmin\package.json
25 verbose installManyTop reading scoped package data from C:\Users\isui.rodriguez\Documents\Proyectos\consubanco_front\SPA\node_modules\grunt-contrib-imagemin\package.json
26 verbose installManyTop reading scoped package data from C:\Users\isui.rodriguez\Documents\Proyectos\consubanco_front\SPA\node_modules\grunt-contrib-jshint\package.json
27 verbose installManyTop reading scoped package data from C:\Users\isui.rodriguez\Documents\Proyectos\consubanco_front\SPA\node_modules\grunt-contrib-uglify\package.json
28 verbose installManyTop reading scoped package data from C:\Users\isui.rodriguez\Documents\Proyectos\consubanco_front\SPA\node_modules\grunt-contrib-watch\package.json
29 verbose installManyTop reading scoped package data from C:\Users\isui.rodriguez\Documents\Proyectos\consubanco_front\SPA\node_modules\grunt-google-cdn\package.json
30 verbose installManyTop reading scoped package data from C:\Users\isui.rodriguez\Documents\Proyectos\consubanco_front\SPA\node_modules\grunt-karma\package.json
31 verbose installManyTop reading scoped package data from C:\Users\isui.rodriguez\Documents\Proyectos\consubanco_front\SPA\node_modules\grunt-newer\package.json
32 verbose installManyTop reading scoped package data from C:\Users\isui.rodriguez\Documents\Proyectos\consubanco_front\SPA\node_modules\grunt-ngmin\package.json
33 verbose installManyTop reading scoped package data from C:\Users\isui.rodriguez\Documents\Proyectos\consubanco_front\SPA\node_modules\grunt-rev\package.json
34 verbose installManyTop reading scoped package data from C:\Users\isui.rodriguez\Documents\Proyectos\consubanco_front\SPA\node_modules\grunt-svgmin\package.json
35 verbose installManyTop reading scoped package data from C:\Users\isui.rodriguez\Documents\Proyectos\consubanco_front\SPA\node_modules\grunt-usemin\package.json
36 verbose installManyTop reading scoped package data from C:\Users\isui.rodriguez\Documents\Proyectos\consubanco_front\SPA\node_modules\jasmine-core\package.json
37 verbose installManyTop reading scoped package data from C:\Users\isui.rodriguez\Documents\Proyectos\consubanco_front\SPA\node_modules\jshint-stylish\package.json
38 verbose installManyTop reading scoped package data from C:\Users\isui.rodriguez\Documents\Proyectos\consubanco_front\SPA\node_modules\karma\package.json
39 verbose installManyTop reading scoped package data from C:\Users\isui.rodriguez\Documents\Proyectos\consubanco_front\SPA\node_modules\karma-chai\package.json
40 verbose installManyTop reading scoped package data from C:\Users\isui.rodriguez\Documents\Proyectos\consubanco_front\SPA\node_modules\karma-chrome-launcher\package.json
41 verbose installManyTop reading scoped package data from C:\Users\isui.rodriguez\Documents\Proyectos\consubanco_front\SPA\node_modules\karma-cli\package.json
42 verbose installManyTop reading scoped package data from C:\Users\isui.rodriguez\Documents\Proyectos\consubanco_front\SPA\node_modules\karma-jasmine\package.json
43 verbose installManyTop reading scoped package data from C:\Users\isui.rodriguez\Documents\Proyectos\consubanco_front\SPA\node_modules\karma-mocha\package.json
44 verbose installManyTop reading scoped package data from C:\Users\isui.rodriguez\Documents\Proyectos\consubanco_front\SPA\node_modules\karma-ng-html2js-preprocessor\package.json
45 verbose installManyTop reading scoped package data from C:\Users\isui.rodriguez\Documents\Proyectos\consubanco_front\SPA\node_modules\karma-ng-scenario\package.json
46 verbose installManyTop reading scoped package data from C:\Users\isui.rodriguez\Documents\Proyectos\consubanco_front\SPA\node_modules\karma-phantomjs-launcher\package.json
47 verbose installManyTop reading scoped package data from C:\Users\isui.rodriguez\Documents\Proyectos\consubanco_front\SPA\node_modules\karma-requirejs\package.json
48 verbose installManyTop reading scoped package data from C:\Users\isui.rodriguez\Documents\Proyectos\consubanco_front\SPA\node_modules\karma-script-launcher\package.json
49 verbose installManyTop reading scoped package data from C:\Users\isui.rodriguez\Documents\Proyectos\consubanco_front\SPA\node_modules\karma-sinon\package.json
50 verbose installManyTop reading scoped package data from C:\Users\isui.rodriguez\Documents\Proyectos\consubanco_front\SPA\node_modules\load-grunt-tasks\package.json
51 verbose installManyTop reading scoped package data from C:\Users\isui.rodriguez\Documents\Proyectos\consubanco_front\SPA\node_modules\lodash\package.json
52 verbose installManyTop reading scoped package data from C:\Users\isui.rodriguez\Documents\Proyectos\consubanco_front\SPA\node_modules\mocha\package.json
53 verbose installManyTop reading scoped package data from C:\Users\isui.rodriguez\Documents\Proyectos\consubanco_front\SPA\node_modules\phantomjs-prebuilt\package.json
54 verbose installManyTop reading scoped package data from C:\Users\isui.rodriguez\Documents\Proyectos\consubanco_front\SPA\node_modules\requirejs\package.json
55 verbose installManyTop reading scoped package data from C:\Users\isui.rodriguez\Documents\Proyectos\consubanco_front\SPA\node_modules\sinon\package.json
56 verbose installManyTop reading scoped package data from C:\Users\isui.rodriguez\Documents\Proyectos\consubanco_front\SPA\node_modules\time-grunt\package.json
57 info package.json grunt-connect-proxy@0.1.11 No license field.
58 info package.json grunt-contrib-htmlmin@0.1.3 No README data
59 info package.json grunt-contrib-htmlmin@0.1.3 No license field.
60 info package.json grunt-rev@0.1.0 No license field.
61 info package.json grunt-autoprefixer@0.4.2 No license field.
62 info package.json grunt-bower-install@0.7.0 No license field.
63 info package.json grunt-contrib-coffee@0.7.0 No license field.
64 info package.json grunt@0.4.5 No license field.
65 info package.json grunt-contrib-clean@0.5.0 No license field.
66 info package.json grunt-contrib-connect@0.5.0 No license field.
67 info package.json grunt-contrib-concat@0.3.0 No license field.
68 info package.json grunt-concurrent@0.4.3 No license field.
69 info package.json grunt-contrib-copy@0.4.1 No license field.
70 info package.json grunt-contrib-cssmin@0.7.0 No license field.
71 info package.json grunt-contrib-jshint@0.7.2 No license field.
72 info package.json grunt-google-cdn@0.2.2 license should be a valid SPDX license expression
73 info package.json grunt-contrib-uglify@0.2.7 No license field.
74 info package.json grunt-newer@0.5.4 No license field.
75 info package.json grunt-ngmin@0.0.3 license should be a valid SPDX license expression
76 info package.json grunt-svgmin@0.2.1 No license field.
77 info package.json grunt-contrib-imagemin@0.3.0 No license field.
78 info package.json grunt-usemin@2.0.2 license should be a valid SPDX license expression
79 info package.json grunt-contrib-watch@0.5.3 No license field.
80 info package.json karma-sinon@1.0.4 No license field.
81 verbose readDependencies loading dependencies from C:\Users\isui.rodriguez\Documents\Proyectos\consubanco_front\SPA\package.json
82 silly cache add args [ 'karma-chrome', null ]
83 verbose cache add spec karma-chrome
84 verbose install karma-mocha is installed as 0.2.2
85 silly cache add args [ 'karma-mocha@^0.2.2', null ]
86 verbose cache add spec karma-mocha@^0.2.2
87 verbose install karma-chai is installed as 0.1.0
88 silly cache add args [ 'karma-chai@^0.1.0', null ]
89 verbose cache add spec karma-chai@^0.1.0
90 silly cache add parsed spec Result {
90 silly cache add   raw: 'karma-mocha@^0.2.2',
90 silly cache add   scope: null,
90 silly cache add   name: 'karma-mocha',
90 silly cache add   rawSpec: '^0.2.2',
90 silly cache add   spec: '>=0.2.2 <0.3.0',
90 silly cache add   type: 'range' }
91 silly addNamed karma-mocha@>=0.2.2 <0.3.0
92 verbose addNamed ">=0.2.2 <0.3.0" is a valid semver range for karma-mocha
93 silly addNameRange { name: 'karma-mocha', range: '>=0.2.2 <0.3.0', hasData: false }
94 silly mapToRegistry name karma-mocha
95 silly mapToRegistry using default registry
96 silly mapToRegistry registry https://registry.npmjs.org/
97 silly mapToRegistry uri https://registry.npmjs.org/karma-mocha
98 verbose addNameRange registry:https://registry.npmjs.org/karma-mocha not in flight; fetching
99 silly cache add parsed spec Result {
99 silly cache add   raw: 'karma-chai@^0.1.0',
99 silly cache add   scope: null,
99 silly cache add   name: 'karma-chai',
99 silly cache add   rawSpec: '^0.1.0',
99 silly cache add   spec: '>=0.1.0 <0.2.0',
99 silly cache add   type: 'range' }
100 silly addNamed karma-chai@>=0.1.0 <0.2.0
101 verbose addNamed ">=0.1.0 <0.2.0" is a valid semver range for karma-chai
102 silly addNameRange { name: 'karma-chai', range: '>=0.1.0 <0.2.0', hasData: false }
103 silly mapToRegistry name karma-chai
104 silly mapToRegistry using default registry
105 silly mapToRegistry registry https://registry.npmjs.org/
106 silly mapToRegistry uri https://registry.npmjs.org/karma-chai
107 verbose addNameRange registry:https://registry.npmjs.org/karma-chai not in flight; fetching
108 silly cache add parsed spec Result {
108 silly cache add   raw: 'karma-chrome',
108 silly cache add   scope: null,
108 silly cache add   name: 'karma-chrome',
108 silly cache add   rawSpec: '',
108 silly cache add   spec: 'latest',
108 silly cache add   type: 'tag' }
109 silly addNamed karma-chrome@latest
110 verbose addNamed "latest" is being treated as a dist-tag for karma-chrome
111 info addNameTag [ 'karma-chrome', 'latest' ]
112 silly mapToRegistry name karma-chrome
113 silly mapToRegistry using default registry
114 silly mapToRegistry registry https://registry.npmjs.org/
115 silly mapToRegistry uri https://registry.npmjs.org/karma-chrome
116 verbose addNameTag registry:https://registry.npmjs.org/karma-chrome not in flight; fetching
117 verbose request uri https://registry.npmjs.org/karma-chrome
118 verbose request no auth needed
119 info attempt registry request try #1 at 12:36:53
120 verbose request id 65ccc3d7e928defe
121 http request GET https://registry.npmjs.org/karma-chrome
122 verbose request uri https://registry.npmjs.org/karma-mocha
123 verbose request no auth needed
124 info attempt registry request try #1 at 12:36:53
125 verbose etag "70U3Z6W9I9XF7U77TA5TXX4K4"
126 http request GET https://registry.npmjs.org/karma-mocha
127 verbose request uri https://registry.npmjs.org/karma-chai
128 verbose request no auth needed
129 info attempt registry request try #1 at 12:36:53
130 verbose etag "D2MR1G92QUNKGYBNZ5C8Z0BOI"
131 http request GET https://registry.npmjs.org/karma-chai
132 http 304 https://registry.npmjs.org/karma-chai
133 verbose headers { date: 'Fri, 08 Apr 2016 17:36:51 GMT',
133 verbose headers   via: '1.1 varnish',
133 verbose headers   'cache-control': 'max-age=300',
133 verbose headers   etag: '"D2MR1G92QUNKGYBNZ5C8Z0BOI"',
133 verbose headers   age: '144',
133 verbose headers   connection: 'keep-alive',
133 verbose headers   'x-served-by': 'cache-ord1724-ORD',
133 verbose headers   'x-cache': 'HIT',
133 verbose headers   'x-cache-hits': '1',
133 verbose headers   'x-timer': 'S1460137011.527310,VS0,VE0',
133 verbose headers   vary: 'Accept-Encoding' }
134 silly get cb [ 304,
134 silly get   { date: 'Fri, 08 Apr 2016 17:36:51 GMT',
134 silly get     via: '1.1 varnish',
134 silly get     'cache-control': 'max-age=300',
134 silly get     etag: '"D2MR1G92QUNKGYBNZ5C8Z0BOI"',
134 silly get     age: '144',
134 silly get     connection: 'keep-alive',
134 silly get     'x-served-by': 'cache-ord1724-ORD',
134 silly get     'x-cache': 'HIT',
134 silly get     'x-cache-hits': '1',
134 silly get     'x-timer': 'S1460137011.527310,VS0,VE0',
134 silly get     vary: 'Accept-Encoding' } ]
135 verbose etag https://registry.npmjs.org/karma-chai from cache
136 verbose get saving karma-chai to C:\Users\isui.rodriguez\AppData\Roaming\npm-cache\registry.npmjs.org\karma-chai\.cache.json
137 verbose correctMkdir C:\Users\isui.rodriguez\AppData\Roaming\npm-cache correctMkdir not in flight; initializing
138 http 304 https://registry.npmjs.org/karma-mocha
139 verbose headers { date: 'Fri, 08 Apr 2016 17:36:51 GMT',
139 verbose headers   via: '1.1 varnish',
139 verbose headers   'cache-control': 'max-age=300',
139 verbose headers   etag: '"70U3Z6W9I9XF7U77TA5TXX4K4"',
139 verbose headers   age: '100',
139 verbose headers   connection: 'keep-alive',
139 verbose headers   'x-served-by': 'cache-ord1727-ORD',
139 verbose headers   'x-cache': 'HIT',
139 verbose headers   'x-cache-hits': '1',
139 verbose headers   'x-timer': 'S1460137011.528327,VS0,VE0',
139 verbose headers   vary: 'Accept-Encoding' }
140 silly get cb [ 304,
140 silly get   { date: 'Fri, 08 Apr 2016 17:36:51 GMT',
140 silly get     via: '1.1 varnish',
140 silly get     'cache-control': 'max-age=300',
140 silly get     etag: '"70U3Z6W9I9XF7U77TA5TXX4K4"',
140 silly get     age: '100',
140 silly get     connection: 'keep-alive',
140 silly get     'x-served-by': 'cache-ord1727-ORD',
140 silly get     'x-cache': 'HIT',
140 silly get     'x-cache-hits': '1',
140 silly get     'x-timer': 'S1460137011.528327,VS0,VE0',
140 silly get     vary: 'Accept-Encoding' } ]
141 verbose etag https://registry.npmjs.org/karma-mocha from cache
142 verbose get saving karma-mocha to C:\Users\isui.rodriguez\AppData\Roaming\npm-cache\registry.npmjs.org\karma-mocha\.cache.json
143 verbose correctMkdir C:\Users\isui.rodriguez\AppData\Roaming\npm-cache correctMkdir already in flight; waiting
144 silly addNameRange number 2 { name: 'karma-chai', range: '>=0.1.0 <0.2.0', hasData: true }
145 silly addNameRange versions [ 'karma-chai', [ '0.0.1', '0.0.2', '0.1.0' ] ]
146 silly addNamed karma-chai@0.1.0
147 verbose addNamed "0.1.0" is a plain semver version for karma-chai
148 silly addNameRange number 2 { name: 'karma-mocha', range: '>=0.2.2 <0.3.0', hasData: true }
149 silly addNameRange versions [ 'karma-mocha',
149 silly addNameRange   [ '0.0.1',
149 silly addNameRange     '0.0.2',
149 silly addNameRange     '0.0.3',
149 silly addNameRange     '0.0.4',
149 silly addNameRange     '0.1.0',
149 silly addNameRange     '0.1.1',
149 silly addNameRange     '0.1.3',
149 silly addNameRange     '0.1.4',
149 silly addNameRange     '0.1.6',
149 silly addNameRange     '0.1.7',
149 silly addNameRange     '0.1.8',
149 silly addNameRange     '0.1.9',
149 silly addNameRange     '0.1.10',
149 silly addNameRange     '0.2.0',
149 silly addNameRange     '0.2.1',
149 silly addNameRange     '0.2.2' ] ]
150 silly addNamed karma-mocha@0.2.2
151 verbose addNamed "0.2.2" is a plain semver version for karma-mocha
152 silly cache afterAdd karma-chai@0.1.0
153 verbose afterAdd C:\Users\isui.rodriguez\AppData\Roaming\npm-cache\karma-chai\0.1.0\package\package.json not in flight; writing
154 verbose correctMkdir C:\Users\isui.rodriguez\AppData\Roaming\npm-cache correctMkdir not in flight; initializing
155 silly cache afterAdd karma-mocha@0.2.2
156 verbose afterAdd C:\Users\isui.rodriguez\AppData\Roaming\npm-cache\karma-mocha\0.2.2\package\package.json not in flight; writing
157 verbose correctMkdir C:\Users\isui.rodriguez\AppData\Roaming\npm-cache correctMkdir not in flight; initializing
158 verbose afterAdd C:\Users\isui.rodriguez\AppData\Roaming\npm-cache\karma-chai\0.1.0\package\package.json written
159 verbose afterAdd C:\Users\isui.rodriguez\AppData\Roaming\npm-cache\karma-mocha\0.2.2\package\package.json written
160 http 404 https://registry.npmjs.org/karma-chrome
161 verbose headers { 'content-type': 'application/json',
161 verbose headers   'cache-control': 'max-age=0',
161 verbose headers   'content-length': '2',
161 verbose headers   'accept-ranges': 'bytes',
161 verbose headers   date: 'Fri, 08 Apr 2016 17:36:51 GMT',
161 verbose headers   via: '1.1 varnish',
161 verbose headers   age: '0',
161 verbose headers   connection: 'keep-alive',
161 verbose headers   'x-served-by': 'cache-ord1733-ORD',
161 verbose headers   'x-cache': 'MISS',
161 verbose headers   'x-cache-hits': '0',
161 verbose headers   'x-timer': 'S1460137011.527191,VS0,VE346',
161 verbose headers   vary: 'Accept-Encoding' }
162 silly get cb [ 404,
162 silly get   { 'content-type': 'application/json',
162 silly get     'cache-control': 'max-age=0',
162 silly get     'content-length': '2',
162 silly get     'accept-ranges': 'bytes',
162 silly get     date: 'Fri, 08 Apr 2016 17:36:51 GMT',
162 silly get     via: '1.1 varnish',
162 silly get     age: '0',
162 silly get     connection: 'keep-alive',
162 silly get     'x-served-by': 'cache-ord1733-ORD',
162 silly get     'x-cache': 'MISS',
162 silly get     'x-cache-hits': '0',
162 silly get     'x-timer': 'S1460137011.527191,VS0,VE346',
162 silly get     vary: 'Accept-Encoding' } ]
163 verbose stack Error: Registry returned 404 for GET on https://registry.npmjs.org/karma-chrome
163 verbose stack     at makeError (C:\Program Files\nodejs\node_modules\npm\node_modules\npm-registry-client\lib\request.js:264:12)
163 verbose stack     at CachingRegistryClient.<anonymous> (C:\Program Files\nodejs\node_modules\npm\node_modules\npm-registry-client\lib\request.js:242:14)
163 verbose stack     at Request._callback (C:\Program Files\nodejs\node_modules\npm\node_modules\npm-registry-client\lib\request.js:172:14)
163 verbose stack     at Request.self.callback (C:\Program Files\nodejs\node_modules\npm\node_modules\request\request.js:199:22)
163 verbose stack     at emitTwo (events.js:87:13)
163 verbose stack     at Request.emit (events.js:172:7)
163 verbose stack     at Request.<anonymous> (C:\Program Files\nodejs\node_modules\npm\node_modules\request\request.js:1036:10)
163 verbose stack     at emitOne (events.js:82:20)
163 verbose stack     at Request.emit (events.js:169:7)
163 verbose stack     at IncomingMessage.<anonymous> (C:\Program Files\nodejs\node_modules\npm\node_modules\request\request.js:963:12)
164 verbose statusCode 404
165 verbose pkgid karma-chrome
166 verbose cwd C:\Users\isui.rodriguez\Documents\Proyectos\consubanco_front\SPA
167 error Windows_NT 6.1.7601
168 error argv "C:\\Program Files\\nodejs\\node.exe" "C:\\Program Files\\nodejs\\node_modules\\npm\\bin\\npm-cli.js" "install" "karma-chrome" "karma-mocha" "karma-chai" "--save-dev"
169 error node v4.4.1
170 error npm  v2.14.20
171 error code E404
172 error 404 Registry returned 404 for GET on https://registry.npmjs.org/karma-chrome
172 error 404
172 error 404 'karma-chrome' is not in the npm registry.
172 error 404 You should bug the author to publish it (or use the name yourself!)
172 error 404 It was specified as a dependency of 'spa'
172 error 404
172 error 404 Note that you can also install from a
172 error 404 tarball, folder, http url, or git url.
173 verbose exit [ 1, true ]
